<?xml version="1.0" encoding="UTF-8"?>
<testsuite name="com.tests.username.list.problem.SpringBootTestApplicationTests" tests="9" skipped="0" failures="0" errors="0" timestamp="2020-11-04T14:41:57" hostname="DESKTOP-DIMFABS" time="3.88">
  <properties/>
  <testcase name="getAllRestrictedWordsTest" classname="com.tests.username.list.problem.SpringBootTestApplicationTests" time="0.461"/>
  <testcase name="getUserByUsernameLessThanSixCharactersShouldFail" classname="com.tests.username.list.problem.SpringBootTestApplicationTests" time="0.004"/>
  <testcase name="testEntitiesAndPojos" classname="com.tests.username.list.problem.SpringBootTestApplicationTests" time="0.14"/>
  <testcase name="repositoryTest" classname="com.tests.username.list.problem.SpringBootTestApplicationTests" time="0.109"/>
  <testcase name="getAllUserListTest" classname="com.tests.username.list.problem.SpringBootTestApplicationTests" time="0.017"/>
  <testcase name="SpringBootTestApplicationMain" classname="com.tests.username.list.problem.SpringBootTestApplicationTests" time="3.075"/>
  <testcase name="getUserByUsernameExistsShouldBeFalse" classname="com.tests.username.list.problem.SpringBootTestApplicationTests" time="0.03"/>
  <testcase name="getUserByValidUsernameShouldBeTrue" classname="com.tests.username.list.problem.SpringBootTestApplicationTests" time="0.012"/>
  <testcase name="getUserByUsernameContainsRestrictedWordsShouldBeFalse" classname="com.tests.username.list.problem.SpringBootTestApplicationTests" time="0.017"/>
  <system-out><![CDATA[
  .   ____          _            __ _ _
 /\\ / ___'_ __ _ _(_)_ __  __ _ \ \ \ \
( ( )\___ | '_ | '_| | '_ \/ _` | \ \ \ \
 \\/  ___)| |_)| | | | | || (_| |  ) ) ) )
  '  |____| .__|_| |_|_| |_\__, | / / / /
 =========|_|==============|___/=/_/_/_/
 :: Spring Boot ::        (v2.0.2.RELEASE)

2020-11-04 09:41:50.332  INFO 3576 --- [    Test worker] c.t.u.l.p.SpringBootTestApplicationTests : Starting SpringBootTestApplicationTests on DESKTOP-DIMFABS with PID 3576 (started by peluk in D:\peluka\repos\peluka613\Username-List-Problem)
2020-11-04 09:41:50.338  INFO 3576 --- [    Test worker] c.t.u.l.p.SpringBootTestApplicationTests : No active profile set, falling back to default profiles: default
2020-11-04 09:41:50.458  INFO 3576 --- [    Test worker] o.s.w.c.s.GenericWebApplicationContext   : Refreshing org.springframework.web.context.support.GenericWebApplicationContext@71f1e229: startup date [Wed Nov 04 09:41:50 COT 2020]; root of context hierarchy
2020-11-04 09:41:52.347  INFO 3576 --- [    Test worker] trationDelegate$BeanPostProcessorChecker : Bean 'org.springframework.transaction.annotation.ProxyTransactionManagementConfiguration' of type [org.springframework.transaction.annotation.ProxyTransactionManagementConfiguration$$EnhancerBySpringCGLIB$$649bba6a] is not eligible for getting processed by all BeanPostProcessors (for example: not eligible for auto-proxying)
2020-11-04 09:41:52.597  INFO 3576 --- [    Test worker] o.f.core.internal.util.VersionPrinter    : Flyway Community Edition 5.0.7 by Boxfuse
2020-11-04 09:41:52.606  INFO 3576 --- [    Test worker] com.zaxxer.hikari.HikariDataSource       : HikariPool-1 - Starting...
2020-11-04 09:41:52.905  INFO 3576 --- [    Test worker] com.zaxxer.hikari.HikariDataSource       : HikariPool-1 - Start completed.
2020-11-04 09:41:52.914  INFO 3576 --- [    Test worker] o.f.c.internal.database.DatabaseFactory  : Database: jdbc:h2:mem:testdb (H2 1.4)
2020-11-04 09:41:53.072  INFO 3576 --- [    Test worker] o.f.core.internal.command.DbValidate     : Successfully validated 2 migrations (execution time 00:00.073s)
2020-11-04 09:41:53.141  INFO 3576 --- [    Test worker] o.f.c.i.s.JdbcTableSchemaHistory         : Creating Schema History table: "PUBLIC"."flyway_schema_history"
2020-11-04 09:41:53.229  INFO 3576 --- [    Test worker] o.f.core.internal.command.DbMigrate      : Current version of schema "PUBLIC": << Empty Schema >>
2020-11-04 09:41:53.231  INFO 3576 --- [    Test worker] o.f.core.internal.command.DbMigrate      : Migrating schema "PUBLIC" to version 1.0.0 - init
2020-11-04 09:41:53.279  INFO 3576 --- [    Test worker] o.f.core.internal.command.DbMigrate      : Migrating schema "PUBLIC" to version 1.0.1 - inserts
2020-11-04 09:41:53.317  INFO 3576 --- [    Test worker] o.f.core.internal.command.DbMigrate      : Successfully applied 2 migrations to schema "PUBLIC" (execution time 00:00.206s)
2020-11-04 09:41:53.552  INFO 3576 --- [    Test worker] j.LocalContainerEntityManagerFactoryBean : Building JPA container EntityManagerFactory for persistence unit 'default'
2020-11-04 09:41:53.580  INFO 3576 --- [    Test worker] o.hibernate.jpa.internal.util.LogHelper  : HHH000204: Processing PersistenceUnitInfo [
	name: default
	...]
2020-11-04 09:41:53.698  INFO 3576 --- [    Test worker] org.hibernate.Version                    : HHH000412: Hibernate Core {5.2.17.Final}
2020-11-04 09:41:53.699  INFO 3576 --- [    Test worker] org.hibernate.cfg.Environment            : HHH000206: hibernate.properties not found
2020-11-04 09:41:53.752  INFO 3576 --- [    Test worker] o.hibernate.annotations.common.Version   : HCANN000001: Hibernate Commons Annotations {5.0.1.Final}
2020-11-04 09:41:53.960  INFO 3576 --- [    Test worker] org.hibernate.dialect.Dialect            : HHH000400: Using dialect: org.hibernate.dialect.H2Dialect
2020-11-04 09:41:54.637  INFO 3576 --- [    Test worker] j.LocalContainerEntityManagerFactoryBean : Initialized JPA EntityManagerFactory for persistence unit 'default'
2020-11-04 09:41:55.579  INFO 3576 --- [    Test worker] o.s.w.s.handler.SimpleUrlHandlerMapping  : Mapped URL path [/**/favicon.ico] onto handler of type [class org.springframework.web.servlet.resource.ResourceHttpRequestHandler]
2020-11-04 09:41:56.305  INFO 3576 --- [    Test worker] s.w.s.m.m.a.RequestMappingHandlerAdapter : Looking for @ControllerAdvice: org.springframework.web.context.support.GenericWebApplicationContext@71f1e229: startup date [Wed Nov 04 09:41:50 COT 2020]; root of context hierarchy
2020-11-04 09:41:56.431  WARN 3576 --- [    Test worker] aWebConfiguration$JpaWebMvcConfiguration : spring.jpa.open-in-view is enabled by default. Therefore, database queries may be performed during view rendering. Explicitly configure spring.jpa.open-in-view to disable this warning
2020-11-04 09:41:56.504  INFO 3576 --- [    Test worker] s.w.s.m.m.a.RequestMappingHandlerMapping : Mapped "{[/restricted],methods=[GET]}" onto public java.util.Collection<com.tests.username.list.problem.db.entities.RestrictedWords> com.tests.username.list.problem.controller.UserController.getAllRestrictedWords()
2020-11-04 09:41:56.506  INFO 3576 --- [    Test worker] s.w.s.m.m.a.RequestMappingHandlerMapping : Mapped "{[/username],methods=[GET]}" onto public org.springframework.http.ResponseEntity<com.tests.username.list.problem.dto.ResponseDto> com.tests.username.list.problem.controller.UserController.getUserByUsername(java.lang.String)
2020-11-04 09:41:56.507  INFO 3576 --- [    Test worker] s.w.s.m.m.a.RequestMappingHandlerMapping : Mapped "{[],methods=[GET]}" onto public java.util.Collection<com.tests.username.list.problem.db.entities.UsersList> com.tests.username.list.problem.controller.UserController.getAllUserList()
2020-11-04 09:41:56.516  INFO 3576 --- [    Test worker] s.w.s.m.m.a.RequestMappingHandlerMapping : Mapped "{[/error]}" onto public org.springframework.http.ResponseEntity<java.util.Map<java.lang.String, java.lang.Object>> org.springframework.boot.autoconfigure.web.servlet.error.BasicErrorController.error(javax.servlet.http.HttpServletRequest)
2020-11-04 09:41:56.517  INFO 3576 --- [    Test worker] s.w.s.m.m.a.RequestMappingHandlerMapping : Mapped "{[/error],produces=[text/html]}" onto public org.springframework.web.servlet.ModelAndView org.springframework.boot.autoconfigure.web.servlet.error.BasicErrorController.errorHtml(javax.servlet.http.HttpServletRequest,javax.servlet.http.HttpServletResponse)
2020-11-04 09:41:56.556  INFO 3576 --- [    Test worker] o.s.w.s.h.BeanNameUrlHandlerMapping      : Mapped URL path [/users] onto handler '/users'
2020-11-04 09:41:56.569  INFO 3576 --- [    Test worker] o.s.w.s.handler.SimpleUrlHandlerMapping  : Mapped URL path [/webjars/**] onto handler of type [class org.springframework.web.servlet.resource.ResourceHttpRequestHandler]
2020-11-04 09:41:56.569  INFO 3576 --- [    Test worker] o.s.w.s.handler.SimpleUrlHandlerMapping  : Mapped URL path [/**] onto handler of type [class org.springframework.web.servlet.resource.ResourceHttpRequestHandler]
2020-11-04 09:41:56.972  INFO 3576 --- [    Test worker] c.t.u.l.p.SpringBootTestApplicationTests : Started SpringBootTestApplicationTests in 7.125 seconds (JVM running for 8.849)
2020-11-04 09:41:57.235  INFO 3576 --- [    Test worker] o.h.h.i.QueryTranslatorFactoryInitiator  : HHH000397: Using ASTQueryTranslatorFactory

  .   ____          _            __ _ _
 /\\ / ___'_ __ _ _(_)_ __  __ _ \ \ \ \
( ( )\___ | '_ | '_| | '_ \/ _` | \ \ \ \
 \\/  ___)| |_)| | | | | || (_| |  ) ) ) )
  '  |____| .__|_| |_|_| |_\__, | / / / /
 =========|_|==============|___/=/_/_/_/
 :: Spring Boot ::        (v2.0.2.RELEASE)

2020-11-04 09:41:58.329  INFO 3576 --- [    Test worker] c.t.u.l.p.SpringBootTestApplication      : Starting SpringBootTestApplication on DESKTOP-DIMFABS with PID 3576 (started by peluk in D:\peluka\repos\peluka613\Username-List-Problem)
2020-11-04 09:41:58.332  INFO 3576 --- [    Test worker] c.t.u.l.p.SpringBootTestApplication      : No active profile set, falling back to default profiles: default
2020-11-04 09:41:58.338  INFO 3576 --- [    Test worker] ConfigServletWebServerApplicationContext : Refreshing org.springframework.boot.web.servlet.context.AnnotationConfigServletWebServerApplicationContext@203f98e9: startup date [Wed Nov 04 09:41:58 COT 2020]; root of context hierarchy
2020-11-04 09:41:58.833  INFO 3576 --- [    Test worker] trationDelegate$BeanPostProcessorChecker : Bean 'org.springframework.transaction.annotation.ProxyTransactionManagementConfiguration' of type [org.springframework.transaction.annotation.ProxyTransactionManagementConfiguration$$EnhancerBySpringCGLIB$$649bba6a] is not eligible for getting processed by all BeanPostProcessors (for example: not eligible for auto-proxying)
2020-11-04 09:41:59.191  INFO 3576 --- [    Test worker] o.s.b.w.embedded.tomcat.TomcatWebServer  : Tomcat initialized with port(s): 8080 (http)
2020-11-04 09:41:59.239  INFO 3576 --- [    Test worker] o.apache.catalina.core.StandardService   : Starting service [Tomcat]
2020-11-04 09:41:59.239  INFO 3576 --- [    Test worker] org.apache.catalina.core.StandardEngine  : Starting Servlet Engine: Apache Tomcat/8.5.31
2020-11-04 09:41:59.261  INFO 3576 --- [ost-startStop-1] o.a.catalina.core.AprLifecycleListener   : The APR based Apache Tomcat Native library which allows optimal performance in production environments was not found on the java.library.path: [C:\Program Files\Java\jdk1.8.0_241\bin;C:\WINDOWS\Sun\Java\bin;C:\WINDOWS\system32;C:\WINDOWS;C:\Program Files\Java\jdk1.8.0_241\bin;C:\Program Files (x86)\Common Files\Oracle\Java\javapath;C:\WINDOWS\system32;C:\WINDOWS;C:\WINDOWS\System32\Wbem;C:\WINDOWS\System32\WindowsPowerShell\v1.0\;C:\WINDOWS\System32\OpenSSH\;C:\apps\apache-maven-3.6.3\bin;C:\Program Files\Docker\Docker\resources\bin;C:\ProgramData\DockerDesktop\version-bin;C:\Users\peluk\AppData\Roaming\nvm;C:\Program Files\nodejs;C:\Program Files\Amazon\AWSCLIV2\;C:\Program Files\Git\cmd;C:\Program Files\MySQL\MySQL Shell 8.0\bin\;C:\Users\peluk\AppData\Local\Programs\Python\Python38-32\Scripts\;C:\Users\peluk\AppData\Local\Programs\Python\Python38-32\;C:\Users\peluk\AppData\Local\Microsoft\WindowsApps;C:\Program Files\JetBrains\IntelliJ IDEA Community Edition 2019.3.4\bin;;C:\Users\peluk\AppData\Roaming\nvm;C:\Program Files\nodejs;.]
2020-11-04 09:41:59.460  INFO 3576 --- [ost-startStop-1] o.a.c.c.C.[Tomcat].[localhost].[/]       : Initializing Spring embedded WebApplicationContext
2020-11-04 09:41:59.460  INFO 3576 --- [ost-startStop-1] o.s.web.context.ContextLoader            : Root WebApplicationContext: initialization completed in 1122 ms
2020-11-04 09:41:59.631  INFO 3576 --- [ost-startStop-1] o.s.b.w.servlet.ServletRegistrationBean  : Servlet dispatcherServlet mapped to [/]
2020-11-04 09:41:59.634  INFO 3576 --- [ost-startStop-1] o.s.b.w.servlet.ServletRegistrationBean  : Servlet webServlet mapped to [/h2-console/*]
2020-11-04 09:41:59.638  INFO 3576 --- [ost-startStop-1] o.s.b.w.servlet.FilterRegistrationBean   : Mapping filter: 'characterEncodingFilter' to: [/*]
2020-11-04 09:41:59.639  INFO 3576 --- [ost-startStop-1] o.s.b.w.servlet.FilterRegistrationBean   : Mapping filter: 'hiddenHttpMethodFilter' to: [/*]
2020-11-04 09:41:59.639  INFO 3576 --- [ost-startStop-1] o.s.b.w.servlet.FilterRegistrationBean   : Mapping filter: 'httpPutFormContentFilter' to: [/*]
2020-11-04 09:41:59.640  INFO 3576 --- [ost-startStop-1] o.s.b.w.servlet.FilterRegistrationBean   : Mapping filter: 'requestContextFilter' to: [/*]
2020-11-04 09:41:59.759  INFO 3576 --- [    Test worker] com.zaxxer.hikari.HikariDataSource       : HikariPool-2 - Starting...
2020-11-04 09:41:59.761  INFO 3576 --- [    Test worker] com.zaxxer.hikari.HikariDataSource       : HikariPool-2 - Start completed.
2020-11-04 09:41:59.762  INFO 3576 --- [    Test worker] o.f.c.internal.database.DatabaseFactory  : Database: jdbc:h2:mem:testdb (H2 1.4)
2020-11-04 09:41:59.796  INFO 3576 --- [    Test worker] o.f.core.internal.command.DbValidate     : Successfully validated 2 migrations (execution time 00:00.030s)
2020-11-04 09:41:59.850  INFO 3576 --- [    Test worker] o.f.core.internal.command.DbMigrate      : Current version of schema "PUBLIC": 1.0.1
2020-11-04 09:41:59.851  INFO 3576 --- [    Test worker] o.f.core.internal.command.DbMigrate      : Schema "PUBLIC" is up to date. No migration necessary.
2020-11-04 09:41:59.939  INFO 3576 --- [    Test worker] j.LocalContainerEntityManagerFactoryBean : Building JPA container EntityManagerFactory for persistence unit 'default'
2020-11-04 09:41:59.940  INFO 3576 --- [    Test worker] o.hibernate.jpa.internal.util.LogHelper  : HHH000204: Processing PersistenceUnitInfo [
	name: default
	...]
2020-11-04 09:41:59.950  INFO 3576 --- [    Test worker] org.hibernate.dialect.Dialect            : HHH000400: Using dialect: org.hibernate.dialect.H2Dialect
2020-11-04 09:42:00.003  INFO 3576 --- [    Test worker] j.LocalContainerEntityManagerFactoryBean : Initialized JPA EntityManagerFactory for persistence unit 'default'
2020-11-04 09:42:00.189  INFO 3576 --- [    Test worker] o.s.w.s.handler.SimpleUrlHandlerMapping  : Mapped URL path [/**/favicon.ico] onto handler of type [class org.springframework.web.servlet.resource.ResourceHttpRequestHandler]
2020-11-04 09:42:00.369  INFO 3576 --- [    Test worker] s.w.s.m.m.a.RequestMappingHandlerAdapter : Looking for @ControllerAdvice: org.springframework.boot.web.servlet.context.AnnotationConfigServletWebServerApplicationContext@203f98e9: startup date [Wed Nov 04 09:41:58 COT 2020]; root of context hierarchy
2020-11-04 09:42:00.379  WARN 3576 --- [    Test worker] aWebConfiguration$JpaWebMvcConfiguration : spring.jpa.open-in-view is enabled by default. Therefore, database queries may be performed during view rendering. Explicitly configure spring.jpa.open-in-view to disable this warning
2020-11-04 09:42:00.409  INFO 3576 --- [    Test worker] s.w.s.m.m.a.RequestMappingHandlerMapping : Mapped "{[/restricted],methods=[GET]}" onto public java.util.Collection<com.tests.username.list.problem.db.entities.RestrictedWords> com.tests.username.list.problem.controller.UserController.getAllRestrictedWords()
2020-11-04 09:42:00.410  INFO 3576 --- [    Test worker] s.w.s.m.m.a.RequestMappingHandlerMapping : Mapped "{[/username],methods=[GET]}" onto public org.springframework.http.ResponseEntity<com.tests.username.list.problem.dto.ResponseDto> com.tests.username.list.problem.controller.UserController.getUserByUsername(java.lang.String)
2020-11-04 09:42:00.411  INFO 3576 --- [    Test worker] s.w.s.m.m.a.RequestMappingHandlerMapping : Mapped "{[],methods=[GET]}" onto public java.util.Collection<com.tests.username.list.problem.db.entities.UsersList> com.tests.username.list.problem.controller.UserController.getAllUserList()
2020-11-04 09:42:00.415  INFO 3576 --- [    Test worker] s.w.s.m.m.a.RequestMappingHandlerMapping : Mapped "{[/error]}" onto public org.springframework.http.ResponseEntity<java.util.Map<java.lang.String, java.lang.Object>> org.springframework.boot.autoconfigure.web.servlet.error.BasicErrorController.error(javax.servlet.http.HttpServletRequest)
2020-11-04 09:42:00.416  INFO 3576 --- [    Test worker] s.w.s.m.m.a.RequestMappingHandlerMapping : Mapped "{[/error],produces=[text/html]}" onto public org.springframework.web.servlet.ModelAndView org.springframework.boot.autoconfigure.web.servlet.error.BasicErrorController.errorHtml(javax.servlet.http.HttpServletRequest,javax.servlet.http.HttpServletResponse)
2020-11-04 09:42:00.438  INFO 3576 --- [    Test worker] o.s.w.s.h.BeanNameUrlHandlerMapping      : Mapped URL path [/users] onto handler '/users'
2020-11-04 09:42:00.442  INFO 3576 --- [    Test worker] o.s.w.s.handler.SimpleUrlHandlerMapping  : Mapped URL path [/webjars/**] onto handler of type [class org.springframework.web.servlet.resource.ResourceHttpRequestHandler]
2020-11-04 09:42:00.443  INFO 3576 --- [    Test worker] o.s.w.s.handler.SimpleUrlHandlerMapping  : Mapped URL path [/**] onto handler of type [class org.springframework.web.servlet.resource.ResourceHttpRequestHandler]
2020-11-04 09:42:00.776  INFO 3576 --- [    Test worker] o.s.j.e.a.AnnotationMBeanExporter        : Registering beans for JMX exposure on startup
2020-11-04 09:42:00.778  INFO 3576 --- [    Test worker] o.s.j.e.a.AnnotationMBeanExporter        : Bean with name 'dataSource' has been autodetected for JMX exposure
2020-11-04 09:42:00.785  INFO 3576 --- [    Test worker] o.s.j.e.a.AnnotationMBeanExporter        : Located MBean 'dataSource': registering with JMX server as MBean [com.zaxxer.hikari:name=dataSource,type=HikariDataSource]
2020-11-04 09:42:00.817  INFO 3576 --- [    Test worker] o.s.b.w.embedded.tomcat.TomcatWebServer  : Tomcat started on port(s): 8080 (http) with context path ''
2020-11-04 09:42:00.819  INFO 3576 --- [    Test worker] c.t.u.l.p.SpringBootTestApplication      : Started SpringBootTestApplication in 2.537 seconds (JVM running for 12.696)
]]></system-out>
  <system-err><![CDATA[Nov 04, 2020 9:41:49 AM org.springframework.test.context.support.AbstractTestContextBootstrapper buildDefaultMergedContextConfiguration
INFO: Neither @ContextConfiguration nor @ContextHierarchy found for test class [com.tests.username.list.problem.SpringBootTestApplicationTests], using SpringBootContextLoader
Nov 04, 2020 9:41:49 AM org.springframework.test.context.support.AbstractContextLoader generateDefaultLocations
INFO: Could not detect default resource locations for test class [com.tests.username.list.problem.SpringBootTestApplicationTests]: no resource found for suffixes {-context.xml, Context.groovy}.
Nov 04, 2020 9:41:49 AM org.springframework.test.context.support.AnnotationConfigContextLoaderUtils detectDefaultConfigurationClasses
INFO: Could not detect default configuration classes for test class [com.tests.username.list.problem.SpringBootTestApplicationTests]: SpringBootTestApplicationTests does not declare any static, non-private, non-final, nested classes annotated with @Configuration.
Nov 04, 2020 9:41:49 AM org.springframework.boot.test.context.SpringBootTestContextBootstrapper getOrFindConfigurationClasses
INFO: Found @SpringBootConfiguration com.tests.username.list.problem.SpringBootTestApplication for test class com.tests.username.list.problem.SpringBootTestApplicationTests
Nov 04, 2020 9:41:49 AM org.springframework.test.context.support.AbstractTestContextBootstrapper getDefaultTestExecutionListenerClassNames
INFO: Loaded default TestExecutionListener class names from location [META-INF/spring.factories]: [org.springframework.boot.test.autoconfigure.restdocs.RestDocsTestExecutionListener, org.springframework.boot.test.autoconfigure.web.client.MockRestServiceServerResetTestExecutionListener, org.springframework.boot.test.autoconfigure.web.servlet.MockMvcPrintOnlyOnFailureTestExecutionListener, org.springframework.boot.test.autoconfigure.web.servlet.WebDriverTestExecutionListener, org.springframework.boot.test.mock.mockito.MockitoTestExecutionListener, org.springframework.boot.test.mock.mockito.ResetMocksTestExecutionListener, org.springframework.test.context.web.ServletTestExecutionListener, org.springframework.test.context.support.DirtiesContextBeforeModesTestExecutionListener, org.springframework.test.context.support.DependencyInjectionTestExecutionListener, org.springframework.test.context.support.DirtiesContextTestExecutionListener, org.springframework.test.context.transaction.TransactionalTestExecutionListener, org.springframework.test.context.jdbc.SqlScriptsTestExecutionListener]
Nov 04, 2020 9:41:49 AM org.springframework.test.context.support.AbstractTestContextBootstrapper getTestExecutionListeners
INFO: Using TestExecutionListeners: [org.springframework.test.context.web.ServletTestExecutionListener@3f9ff5bf, org.springframework.test.context.support.DirtiesContextBeforeModesTestExecutionListener@5201bbc2, org.springframework.boot.test.mock.mockito.MockitoTestExecutionListener@11dad74b, org.springframework.boot.test.autoconfigure.SpringBootDependencyInjectionTestExecutionListener@5ba9535d, org.springframework.test.context.support.DirtiesContextTestExecutionListener@1b5b779a, org.springframework.test.context.transaction.TransactionalTestExecutionListener@44db0098, org.springframework.test.context.jdbc.SqlScriptsTestExecutionListener@37ce7c7, org.springframework.boot.test.autoconfigure.restdocs.RestDocsTestExecutionListener@12de7f4e, org.springframework.boot.test.autoconfigure.web.client.MockRestServiceServerResetTestExecutionListener@52f93d28, org.springframework.boot.test.autoconfigure.web.servlet.MockMvcPrintOnlyOnFailureTestExecutionListener@4eba382f, org.springframework.boot.test.autoconfigure.web.servlet.WebDriverTestExecutionListener@2a9cace0, org.springframework.boot.test.mock.mockito.ResetMocksTestExecutionListener@4b5982f2]
]]></system-err>
</testsuite>
